<'algoritmo','algoritmo'>
<'declare','declare'>
<'prenome',IDENT>
<',',','>
<'sobrenome',IDENT>
<',',','>
<'formato1',IDENT>
<',',','>
<'formato2',IDENT>
<':',':'>
<'literal','literal'>
<'leia','leia'>
<'(','('>
<'prenome',IDENT>
<',',','>
<'sobrenome',IDENT>
<')',')'>
<'formato1',IDENT>
<'<',OP_REL>
<'-',OP_ARIT>
<'prenome',IDENT>
<'+',OP_ARIT>
<'" "',CADEIA>
<'+',OP_ARIT>
<'sobrenome',IDENT>
<'formato2',IDENT>
<'<',OP_REL>
<'-',OP_ARIT>
<'sobrenome',IDENT>
<'+',OP_ARIT>
<'", "',CADEIA>
<'+',OP_ARIT>
<'subLiteral','subLiteral'>
<'(','('>
<'prenome',IDENT>
<',',','>
<'1',NUM_INT>
<',',','>
<'1',NUM_INT>
<')',')'>
<'+',OP_ARIT>
<'"."',CADEIA>
<'escreva','escreva'>
<'(','('>
<'formato1',IDENT>
<')',')'>
<'escreva','escreva'>
<'(','('>
<'formato2',IDENT>
<')',')'>
<'fim_algoritmo','fim_algoritmo'>
