<'algoritmo','algoritmo'>
<'declare','declare'>
<'angulo',IDENT>
<',',','>
<'velocidadeInicial',IDENT>
<',',','>
<'distancia',IDENT>
<',',','>
<'espessura',IDENT>
<',',','>
<'altura',IDENT>
<',',','>
<'momento1',IDENT>
<',',','>
<'momento2',IDENT>
<',',','>
<'alturaProjetil1',IDENT>
<',',','>
<'alturaProjetil2',IDENT>
<':',':'>
<'real',IDENT>
<'declare','declare'>
<'colidiu',IDENT>
<':',':'>
<'logico',IDENT>
<'leia','leia'>
<'(','('>
<'angulo',IDENT>
<',',','>
<'velocidadeInicial',IDENT>
<',',','>
<'distancia',IDENT>
<',',','>
<'espessura',IDENT>
<',',','>
<'altura',IDENT>
<')',')'>
<'momento1',IDENT>
<'<',OP_REL>
<'-',OP_ARIT>
<'distancia',IDENT>
<'/',OP_ARIT>
<'(','('>
<'velocidadeInicial',IDENT>
<'*',OP_ARIT>
<'cos','cos'>
<'(','('>
<'angulo',IDENT>
<'*',OP_ARIT>
<'3.1415',NUM_REAL>
<'/',OP_ARIT>
<'180',NUM_INT>
<')',')'>
<')',')'>
<'momento2',IDENT>
<'<',OP_REL>
<'-',OP_ARIT>
<'(','('>
<'distancia',IDENT>
<'+',OP_ARIT>
<'espessura',IDENT>
<')',')'>
<'/',OP_ARIT>
<'(','('>
<'velocidadeInicial',IDENT>
<'*',OP_ARIT>
<'cos','cos'>
<'(','('>
<'angulo',IDENT>
<'*',OP_ARIT>
<'3.1415',NUM_REAL>
<'/',OP_ARIT>
<'180',NUM_INT>
<')',')'>
<')',')'>
<'alturaProjetil1',IDENT>
<'<',OP_REL>
<'-',OP_ARIT>
<'velocidadeInicial',IDENT>
<'*',OP_ARIT>
<'sen','sen'>
<'(','('>
<'angulo',IDENT>
<'*',OP_ARIT>
<'3.1415',NUM_REAL>
<'/',OP_ARIT>
<'180',NUM_INT>
<')',')'>
<'*',OP_ARIT>
<'momento1',IDENT>
<'-',OP_ARIT>
<'9.8',NUM_REAL>
<'*',OP_ARIT>
<'pot','pot'>
<'(','('>
<'momento1',IDENT>
<',',','>
<'2',NUM_INT>
<')',')'>
<'/',OP_ARIT>
<'2',NUM_INT>
<'alturaProjetil2',IDENT>
<'<',OP_REL>
<'-',OP_ARIT>
<'velocidadeInicial',IDENT>
<'*',OP_ARIT>
<'sen','sen'>
<'(','('>
<'angulo',IDENT>
<'*',OP_ARIT>
<'3.1415',NUM_REAL>
<'/',OP_ARIT>
<'180',NUM_INT>
<')',')'>
<'*',OP_ARIT>
<'momento2',IDENT>
<'-',OP_ARIT>
<'9.8',NUM_REAL>
<'*',OP_ARIT>
<'pot','pot'>
<'(','('>
<'momento2',IDENT>
<',',','>
<'2',NUM_INT>
<')',')'>
<'/',OP_ARIT>
<'2',NUM_INT>
<'colidiu',IDENT>
<'<',OP_REL>
<'-',OP_ARIT>
<'alturaProjetil1',IDENT>
<'<=',OP_REL>
<'altura',IDENT>
<'e',IDENT>
<'alturaProjetil2',IDENT>
<'<=',OP_REL>
<'altura',IDENT>
<'escreva','escreva'>
<'(','('>
<'"Houve colisao?"',CADEIA>
<',',','>
<'colidiu',IDENT>
<')',')'>
<'fim_algoritmo','fim_algoritmo'>
