<'algoritmo','algoritmo'>
<'declare','declare'>
<'ponto',IDENT>
<',',','>
<'pontoMaisProximo',IDENT>
<':',':'>
<'registro',IDENT>
<'x',IDENT>
<',',','>
<'y',IDENT>
<',',','>
<'z',IDENT>
<':',':'>
<'real','real'>
<'fim_registro',IDENT>
<'declare','declare'>
<'distancia',IDENT>
<',',','>
<'menorDistancia',IDENT>
<':',':'>
<'real','real'>
<'declare','declare'>
<'numeroPontos',IDENT>
<':',':'>
<'inteiro','inteiro'>
<'leia','leia'>
<'(','('>
<'numeroPontos',IDENT>
<')',')'>
<'se',IDENT>
<'numeroPontos',IDENT>
<'<=','<='>
<'0',NUM_INT>
<'entao',IDENT>
<'escreva','escreva'>
<'(','('>
<'"Nao ha pontos a serem processados ou valor invalido"',CADEIA>
<')',')'>
<'senao','senao'>
<'leia','leia'>
<'(','('>
<'ponto',IDENT>
<',',','>
<'ponto',IDENT>
<',',','>
<'ponto',IDENT>
<')',')'>
<'pontoMaisProximo',IDENT>
<'<-','<-'>
<'ponto',IDENT>
<'menorDistancia',IDENT>
<'<-','<-'>
<'raiz','raiz'>
<'(','('>
<'pot','pot'>
<'(','('>
<'ponto',IDENT>
<',',','>
<'2',NUM_INT>
<')',')'>
<'+','+'>
<'pot','pot'>
<'(','('>
<'ponto',IDENT>
<',',','>
<'2',NUM_INT>
<')',')'>
<'+','+'>
<'pot','pot'>
<'(','('>
<'ponto',IDENT>
<',',','>
<'2',NUM_INT>
<')',')'>
<')',')'>
<'para',IDENT>
<'i',IDENT>
<'<-','<-'>
<'2',NUM_INT>
<'ate',IDENT>
<'numeroPontos',IDENT>
<'faca',IDENT>
<'leia','leia'>
<'(','('>
<'ponto',IDENT>
<',',','>
<'ponto',IDENT>
<',',','>
<'ponto',IDENT>
<')',')'>
<'distancia',IDENT>
<'<-','<-'>
<'raiz','raiz'>
<'(','('>
<'pot','pot'>
<'(','('>
<'ponto',IDENT>
<',',','>
<'2',NUM_INT>
<')',')'>
<'+','+'>
<'pot','pot'>
<'(','('>
<'ponto',IDENT>
<',',','>
<'2',NUM_INT>
<')',')'>
<'+','+'>
<'pot','pot'>
<'(','('>
<'ponto',IDENT>
<',',','>
<'2',NUM_INT>
<')',')'>
<')',')'>
<'se',IDENT>
<'distancia',IDENT>
<'<','<'>
<'menorDistancia',IDENT>
<'entao',IDENT>
<'menorDistancia',IDENT>
<'<-','<-'>
<'distancia',IDENT>
<'pontoMaisProximo',IDENT>
<'<-','<-'>
<'ponto',IDENT>
<'fim_se',IDENT>
<'fim_para',IDENT>
<'escreva','escreva'>
<'(','('>
<'"Ponto mais proximo:"',CADEIA>
<',',','>
<'pontoMaisProximo',IDENT>
<',',','>
<'pontoMaisProximo',IDENT>
<',',','>
<'pontoMaisProximo',IDENT>
<')',')'>
<'fim_se',IDENT>
<'fim_algoritmo','fim_algoritmo'>
