<'tipo',IDENT>
<'tRacional',IDENT>
<':',':'>
<'registro',IDENT>
<'numerador',IDENT>
<',',','>
<'denominador',IDENT>
<':',':'>
<'inteiro','inteiro'>
<'fim_registro',IDENT>
<'procedimento',IDENT>
<'simplifiqueRacional',IDENT>
<'(','('>
<'var',IDENT>
<'racional',IDENT>
<':',':'>
<'tRacional',IDENT>
<')',')'>
<'declare','declare'>
<'valor1',IDENT>
<',',','>
<'valor2',IDENT>
<',',','>
<'resto','resto'>
<':',':'>
<'inteiro','inteiro'>
<'valor1',IDENT>
<'<-','<-'>
<'racional',IDENT>
<'umerador',IDENT>
<'valor2',IDENT>
<'<-','<-'>
<'racional',IDENT>
<'enominador',IDENT>
<'faca',IDENT>
<'resto','resto'>
<'<-','<-'>
<'valor1',IDENT>
<'valor2',IDENT>
<'valor1',IDENT>
<'<-','<-'>
<'valor2',IDENT>
<'valor2',IDENT>
<'<-','<-'>
<'resto','resto'>
<'ate',IDENT>
<'resto','resto'>
<'=','='>
<'0',NUM_INT>
<'racional',IDENT>
<'umerador',IDENT>
<'<-','<-'>
<'racional',IDENT>
<'umerador',IDENT>
<'/','/'>
<'valor1',IDENT>
<'racional',IDENT>
<'enominador',IDENT>
<'<-','<-'>
<'racional',IDENT>
<'enominador',IDENT>
<'/','/'>
<'valor1',IDENT>
<'fim_procedimento',IDENT>
<'algoritmo','algoritmo'>
<'declare','declare'>
<'numero1',IDENT>
<',',','>
<'numero2',IDENT>
<',',','>
<'resultado',IDENT>
<':',':'>
<'tRacional',IDENT>
<'leia','leia'>
<'(','('>
<'numero1',IDENT>
<'umerador',IDENT>
<',',','>
<'numero1',IDENT>
<'enominador',IDENT>
<')',')'>
<'leia','leia'>
<'(','('>
<'numero2',IDENT>
<'umerador',IDENT>
<',',','>
<'numero2',IDENT>
<'enominador',IDENT>
<')',')'>
<'resultado',IDENT>
<'umerador',IDENT>
<'<-','<-'>
<'numero1',IDENT>
<'umerador',IDENT>
<'*','*'>
<'numero2',IDENT>
<'enominador',IDENT>
<'+','+'>
<'numero1',IDENT>
<'enominador',IDENT>
<'*','*'>
<'numero2',IDENT>
<'umerador',IDENT>
<'resultado',IDENT>
<'enominador',IDENT>
<'<-','<-'>
<'numero1',IDENT>
<'enominador',IDENT>
<'*','*'>
<'numero2',IDENT>
<'enominador',IDENT>
<'simplifiqueRacional',IDENT>
<'(','('>
<'resultado',IDENT>
<')',')'>
<'escreva','escreva'>
<'(','('>
<'resultado',IDENT>
<'umerador',IDENT>
<',',','>
<'"/"',CADEIA>
<',',','>
<'resultado',IDENT>
<'enominador',IDENT>
<')',')'>
<'resultado',IDENT>
<'umerador',IDENT>
<'<-','<-'>
<'numero1',IDENT>
<'umerador',IDENT>
<'*','*'>
<'numero2',IDENT>
<'umerador',IDENT>
<'resultado',IDENT>
<'enominador',IDENT>
<'<-','<-'>
<'numero1',IDENT>
<'enominador',IDENT>
<'*','*'>
<'numero2',IDENT>
<'enominador',IDENT>
<'simplifiqueRacional',IDENT>
<'(','('>
<'resultado',IDENT>
<')',')'>
<'escreva','escreva'>
<'(','('>
<'resultado',IDENT>
<'umerador',IDENT>
<',',','>
<'"/"',CADEIA>
<',',','>
<'resultado',IDENT>
<'enominador',IDENT>
<')',')'>
<'fim_algoritmo','fim_algoritmo'>
