<'algoritmo','algoritmo'>
<'declare','declare'>
<'ponto1',IDENT>
<',',','>
<'ponto2',IDENT>
<':',':'>
<'registro',IDENT>
<'x',IDENT>
<',',','>
<'y',IDENT>
<',',','>
<'z',IDENT>
<':',':'>
<'real','real'>
<'fim_registro',IDENT>
<'declare','declare'>
<'distancia1',IDENT>
<',',','>
<'distancia2',IDENT>
<':',':'>
<'real','real'>
<'leia','leia'>
<'(','('>
<'ponto1',IDENT>
<',',','>
<'ponto1',IDENT>
<',',','>
<'ponto1',IDENT>
<')',')'>
<'leia','leia'>
<'(','('>
<'ponto2',IDENT>
<',',','>
<'ponto2',IDENT>
<',',','>
<'ponto2',IDENT>
<')',')'>
<'distancia1',IDENT>
<'<-','<-'>
<'raiz','raiz'>
<'(','('>
<'pot','pot'>
<'(','('>
<'ponto1',IDENT>
<',',','>
<'2',NUM_INT>
<')',')'>
<'+','+'>
<'pot','pot'>
<'(','('>
<'ponto1',IDENT>
<',',','>
<'2',NUM_INT>
<')',')'>
<'+','+'>
<'pot','pot'>
<'(','('>
<'ponto1',IDENT>
<',',','>
<'2',NUM_INT>
<')',')'>
<')',')'>
<'distancia2',IDENT>
<'<-','<-'>
<'raiz','raiz'>
<'(','('>
<'pot','pot'>
<'(','('>
<'ponto2',IDENT>
<',',','>
<'2',NUM_INT>
<')',')'>
<'+','+'>
<'pot','pot'>
<'(','('>
<'ponto2',IDENT>
<',',','>
<'2',NUM_INT>
<')',')'>
<'+','+'>
<'pot','pot'>
<'(','('>
<'ponto2',IDENT>
<',',','>
<'2',NUM_INT>
<')',')'>
<')',')'>
<'se',IDENT>
<'distancia1',IDENT>
<'<','<'>
<'distancia2',IDENT>
<'entao',IDENT>
<'escreva','escreva'>
<'(','('>
<'"O primeiro ponto eh o mais proximo"',CADEIA>
<')',')'>
<'senao','senao'>
<'se',IDENT>
<'distancia2',IDENT>
<'<','<'>
<'distancia1',IDENT>
<'entao',IDENT>
<'escreva','escreva'>
<'(','('>
<'"O segundo ponto eh o mais proximo"',CADEIA>
<')',')'>
<'senao','senao'>
<'escreva','escreva'>
<'(','('>
<'"Os pontos equidistam da origem"',CADEIA>
<')',')'>
<'fim_se',IDENT>
<'fim_se',IDENT>
<'fim_algoritmo','fim_algoritmo'>
