<'algoritmo','algoritmo'>
<'declare','declare'>
<'nome',IDENT>
<',',','>
<'nomeMaior',IDENT>
<',',','>
<'tipoVinho',IDENT>
<',',','>
<'tipoMaior',IDENT>
<':',':'>
<'literal','literal'>
<'declare','declare'>
<'preco',IDENT>
<',',','>
<'precoMaior',IDENT>
<':',':'>
<'real','real'>
<'precoMaior',IDENT>
<'<-','<-'>
<'-1',NUM_INT>
<'faca',IDENT>
<'leia','leia'>
<'(','('>
<'nome',IDENT>
<',',','>
<'preco',IDENT>
<',',','>
<'tipoVinho',IDENT>
<')',')'>
<'se',IDENT>
<'preco',IDENT>
<'>','>'>
<'precoMaior',IDENT>
<'e',IDENT>
<'nome',IDENT>
<'<>','<>'>
<'"fim"',CADEIA>
<'entao',IDENT>
<'nomeMaior',IDENT>
<'<-','<-'>
<'nome',IDENT>
<'precoMaior',IDENT>
<'<-','<-'>
<'preco',IDENT>
<'tipoMaior',IDENT>
<'<-','<-'>
<'tipoVinho',IDENT>
<'fim_se',IDENT>
<'ate',IDENT>
<'nome',IDENT>
<'=','='>
<'"fim"',CADEIA>
<'se',IDENT>
<'precoMaior',IDENT>
<'=','='>
<'(','('>
<'0',NUM_INT>
<'-1',NUM_INT>
<')',')'>
<'entao',IDENT>
<'escreva','escreva'>
<'(','('>
<'"Nenhum vinho foi apresentado."',CADEIA>
<')',')'>
<'senao','senao'>
<'escreva','escreva'>
<'(','('>
<'nomeMaior',IDENT>
<',',','>
<'precoMaior',IDENT>
<',',','>
<'tipoMaior',IDENT>
<')',')'>
<'fim_se',IDENT>
<'fim_algoritmo','fim_algoritmo'>
